<?xml version="1.0" encoding="UTF-8"?>
<testng-results skipped="1" failed="1" ignored="0" total="5" passed="3">
  <reporter-output>
    <line>
      <![CDATA[LoginBlank Ok]]>
    </line>
    <line>
      <![CDATA[VerifyErrMsg Ok]]>
    </line>
    <line>
      <![CDATA[VerifyInvalidMsg Ok]]>
    </line>
  </reporter-output>
  <suite name="Default suite" duration-ms="36959" started-at="2022-03-25T00:29:50 IST" finished-at="2022-03-25T00:30:27 IST">
    <groups>
    </groups>
    <test name="Default test" duration-ms="36959" started-at="2022-03-25T00:29:50 IST" finished-at="2022-03-25T00:30:27 IST">
      <class name="testClasses.Login1Test">
        <test-method status="PASS" signature="start()[pri:0, instance:testClasses.Login1Test@7d70d1b1]" name="start" is-config="true" duration-ms="20195" started-at="2022-03-25T00:29:50 IST" finished-at="2022-03-25T00:30:10 IST">
          <reporter-output>
          </reporter-output>
        </test-method> <!-- start -->
        <test-method status="PASS" signature="TC101_LoginBlank()[pri:0, instance:testClasses.Login1Test@7d70d1b1]" name="TC101_LoginBlank" duration-ms="4341" started-at="2022-03-25T00:30:10 IST" finished-at="2022-03-25T00:30:15 IST">
          <reporter-output>
            <line>
              <![CDATA[LoginBlank Ok]]>
            </line>
          </reporter-output>
        </test-method> <!-- TC101_LoginBlank -->
        <test-method status="PASS" signature="TakeSS(org.testng.ITestResult)[pri:0, instance:testClasses.Login1Test@7d70d1b1]" name="TakeSS" is-config="true" duration-ms="5" started-at="2022-03-25T00:30:15 IST" finished-at="2022-03-25T00:30:15 IST">
          <params>
            <param index="0">
              <value>
                <![CDATA[[TestResult name=TC101_LoginBlank status=SUCCESS method=Login1Test.TC101_LoginBlank()[pri:0, instance:testClasses.Login1Test@7d70d1b1] output=LoginBlank Ok]]]>
              </value>
            </param>
          </params>
          <reporter-output>
          </reporter-output>
        </test-method> <!-- TakeSS -->
        <test-method status="PASS" signature="TC102_VerifyBlankErr()[pri:0, instance:testClasses.Login1Test@7d70d1b1]" name="TC102_VerifyBlankErr" duration-ms="62" started-at="2022-03-25T00:30:15 IST" finished-at="2022-03-25T00:30:15 IST">
          <reporter-output>
            <line>
              <![CDATA[VerifyErrMsg Ok]]>
            </line>
          </reporter-output>
        </test-method> <!-- TC102_VerifyBlankErr -->
        <test-method status="PASS" signature="TakeSS(org.testng.ITestResult)[pri:0, instance:testClasses.Login1Test@7d70d1b1]" name="TakeSS" is-config="true" duration-ms="0" started-at="2022-03-25T00:30:15 IST" finished-at="2022-03-25T00:30:15 IST">
          <params>
            <param index="0">
              <value>
                <![CDATA[[TestResult name=TC102_VerifyBlankErr status=SUCCESS method=Login1Test.TC102_VerifyBlankErr()[pri:0, instance:testClasses.Login1Test@7d70d1b1] output=VerifyErrMsg Ok]]]>
              </value>
            </param>
          </params>
          <reporter-output>
          </reporter-output>
        </test-method> <!-- TakeSS -->
        <test-method status="PASS" signature="TC103_invalidIdCheck()[pri:0, instance:testClasses.Login1Test@7d70d1b1]" name="TC103_invalidIdCheck" duration-ms="715" started-at="2022-03-25T00:30:15 IST" finished-at="2022-03-25T00:30:16 IST">
          <reporter-output>
            <line>
              <![CDATA[VerifyInvalidMsg Ok]]>
            </line>
          </reporter-output>
        </test-method> <!-- TC103_invalidIdCheck -->
        <test-method status="PASS" signature="TakeSS(org.testng.ITestResult)[pri:0, instance:testClasses.Login1Test@7d70d1b1]" name="TakeSS" is-config="true" duration-ms="0" started-at="2022-03-25T00:30:16 IST" finished-at="2022-03-25T00:30:16 IST">
          <params>
            <param index="0">
              <value>
                <![CDATA[[TestResult name=TC103_invalidIdCheck status=SUCCESS method=Login1Test.TC103_invalidIdCheck()[pri:0, instance:testClasses.Login1Test@7d70d1b1] output=VerifyInvalidMsg Ok]]]>
              </value>
            </param>
          </params>
          <reporter-output>
          </reporter-output>
        </test-method> <!-- TakeSS -->
        <test-method status="FAIL" signature="TC104_invPWDCheck()[pri:0, instance:testClasses.Login1Test@7d70d1b1]" name="TC104_invPWDCheck" duration-ms="10338" started-at="2022-03-25T00:30:16 IST" finished-at="2022-03-25T00:30:26 IST">
          <exception class="org.openqa.selenium.ElementNotInteractableException">
            <message>
              <![CDATA[element not interactable
  (Session info: chrome=99.0.4844.82)
Build info: version: '4.1.2', revision: '9a5a329c5a'
System info: host: 'AKSHAY', ip: '192.168.1.36', os.name: 'Windows 10', os.arch: 'amd64', os.version: '10.0', java.version: '1.8.0_311'
Driver info: org.openqa.selenium.chrome.ChromeDriver
Command: [adf9b8280f06c1c44a6a1c7a53d9197a, sendKeysToElement {id=52336dde-e1a0-4255-9a28-206c5658bfd2, value=[Ljava.lang.CharSequence;@4a8ab068}]
Capabilities {acceptInsecureCerts: false, browserName: chrome, browserVersion: 99.0.4844.82, chrome: {chromedriverVersion: 99.0.4844.51 (d537ec02474b5..., userDataDir: C:\Users\aksha\AppData\Loca...}, goog:chromeOptions: {debuggerAddress: localhost:62566}, javascriptEnabled: true, networkConnectionEnabled: false, pageLoadStrategy: normal, platform: WINDOWS, platformName: WINDOWS, proxy: Proxy(), se:cdp: ws://localhost:62566/devtoo..., se:cdpVersion: 99.0.4844.82, setWindowRect: true, strictFileInteractability: false, timeouts: {implicit: 0, pageLoad: 300000, script: 30000}, unhandledPromptBehavior: dismiss and notify, webauthn:extension:credBlob: true, webauthn:extension:largeBlob: true, webauthn:virtualAuthenticators: true}
Element: [[ChromeDriver: chrome on WINDOWS (adf9b8280f06c1c44a6a1c7a53d9197a)] -> xpath: //input[@type='password']]
Session ID: adf9b8280f06c1c44a6a1c7a53d9197a]]>
            </message>
            <full-stacktrace>
              <![CDATA[org.openqa.selenium.ElementNotInteractableException: element not interactable
  (Session info: chrome=99.0.4844.82)
Build info: version: '4.1.2', revision: '9a5a329c5a'
System info: host: 'AKSHAY', ip: '192.168.1.36', os.name: 'Windows 10', os.arch: 'amd64', os.version: '10.0', java.version: '1.8.0_311'
Driver info: org.openqa.selenium.chrome.ChromeDriver
Command: [adf9b8280f06c1c44a6a1c7a53d9197a, sendKeysToElement {id=52336dde-e1a0-4255-9a28-206c5658bfd2, value=[Ljava.lang.CharSequence;@4a8ab068}]
Capabilities {acceptInsecureCerts: false, browserName: chrome, browserVersion: 99.0.4844.82, chrome: {chromedriverVersion: 99.0.4844.51 (d537ec02474b5..., userDataDir: C:\Users\aksha\AppData\Loca...}, goog:chromeOptions: {debuggerAddress: localhost:62566}, javascriptEnabled: true, networkConnectionEnabled: false, pageLoadStrategy: normal, platform: WINDOWS, platformName: WINDOWS, proxy: Proxy(), se:cdp: ws://localhost:62566/devtoo..., se:cdpVersion: 99.0.4844.82, setWindowRect: true, strictFileInteractability: false, timeouts: {implicit: 0, pageLoad: 300000, script: 30000}, unhandledPromptBehavior: dismiss and notify, webauthn:extension:credBlob: true, webauthn:extension:largeBlob: true, webauthn:virtualAuthenticators: true}
Element: [[ChromeDriver: chrome on WINDOWS (adf9b8280f06c1c44a6a1c7a53d9197a)] -> xpath: //input[@type='password']]
Session ID: adf9b8280f06c1c44a6a1c7a53d9197a
at sun.reflect.NativeConstructorAccessorImpl.newInstance0(Native Method)
at sun.reflect.NativeConstructorAccessorImpl.newInstance(Unknown Source)
at sun.reflect.DelegatingConstructorAccessorImpl.newInstance(Unknown Source)
at java.lang.reflect.Constructor.newInstance(Unknown Source)
at org.openqa.selenium.remote.codec.w3c.W3CHttpResponseCodec.createException(W3CHttpResponseCodec.java:200)
at org.openqa.selenium.remote.codec.w3c.W3CHttpResponseCodec.decode(W3CHttpResponseCodec.java:133)
at org.openqa.selenium.remote.codec.w3c.W3CHttpResponseCodec.decode(W3CHttpResponseCodec.java:53)
at org.openqa.selenium.remote.HttpCommandExecutor.execute(HttpCommandExecutor.java:184)
at org.openqa.selenium.remote.service.DriverCommandExecutor.invokeExecute(DriverCommandExecutor.java:167)
at org.openqa.selenium.remote.service.DriverCommandExecutor.execute(DriverCommandExecutor.java:142)
at org.openqa.selenium.remote.RemoteWebDriver.execute(RemoteWebDriver.java:558)
at org.openqa.selenium.remote.RemoteWebElement.execute(RemoteWebElement.java:251)
at org.openqa.selenium.remote.RemoteWebElement.sendKeys(RemoteWebElement.java:107)
at sun.reflect.NativeMethodAccessorImpl.invoke0(Native Method)
at sun.reflect.NativeMethodAccessorImpl.invoke(Unknown Source)
at sun.reflect.DelegatingMethodAccessorImpl.invoke(Unknown Source)
at java.lang.reflect.Method.invoke(Unknown Source)
at org.openqa.selenium.support.pagefactory.internal.LocatingElementHandler.invoke(LocatingElementHandler.java:52)
at com.sun.proxy.$Proxy15.sendKeys(Unknown Source)
at BaseClass.LoginPOMAmazon.enterPWD(LoginPOMAmazon.java:50)
at testClasses.Login1Test.TC104_invPWDCheck(Login1Test.java:61)
at sun.reflect.NativeMethodAccessorImpl.invoke0(Native Method)
at sun.reflect.NativeMethodAccessorImpl.invoke(Unknown Source)
at sun.reflect.DelegatingMethodAccessorImpl.invoke(Unknown Source)
at java.lang.reflect.Method.invoke(Unknown Source)
at org.testng.internal.MethodInvocationHelper.invokeMethod(MethodInvocationHelper.java:134)
at org.testng.internal.TestInvoker.invokeMethod(TestInvoker.java:597)
at org.testng.internal.TestInvoker.invokeTestMethod(TestInvoker.java:173)
at org.testng.internal.MethodRunner.runInSequence(MethodRunner.java:46)
at org.testng.internal.TestInvoker$MethodInvocationAgent.invoke(TestInvoker.java:816)
at org.testng.internal.TestInvoker.invokeTestMethods(TestInvoker.java:146)
at org.testng.internal.TestMethodWorker.invokeTestMethods(TestMethodWorker.java:146)
at org.testng.internal.TestMethodWorker.run(TestMethodWorker.java:128)
at java.util.ArrayList.forEach(Unknown Source)
at org.testng.TestRunner.privateRun(TestRunner.java:766)
at org.testng.TestRunner.run(TestRunner.java:587)
at org.testng.SuiteRunner.runTest(SuiteRunner.java:384)
at org.testng.SuiteRunner.runSequentially(SuiteRunner.java:378)
at org.testng.SuiteRunner.privateRun(SuiteRunner.java:337)
at org.testng.SuiteRunner.run(SuiteRunner.java:286)
at org.testng.SuiteRunnerWorker.runSuite(SuiteRunnerWorker.java:53)
at org.testng.SuiteRunnerWorker.run(SuiteRunnerWorker.java:96)
at org.testng.TestNG.runSuitesSequentially(TestNG.java:1187)
at org.testng.TestNG.runSuitesLocally(TestNG.java:1109)
at org.testng.TestNG.runSuites(TestNG.java:1039)
at org.testng.TestNG.run(TestNG.java:1007)
at org.testng.remote.AbstractRemoteTestNG.run(AbstractRemoteTestNG.java:115)
at org.testng.remote.RemoteTestNG.initAndRun(RemoteTestNG.java:251)
at org.testng.remote.RemoteTestNG.main(RemoteTestNG.java:77)
]]>
            </full-stacktrace>
          </exception> <!-- org.openqa.selenium.ElementNotInteractableException -->
          <reporter-output>
          </reporter-output>
        </test-method> <!-- TC104_invPWDCheck -->
        <test-method status="FAIL" signature="TakeSS(org.testng.ITestResult)[pri:0, instance:testClasses.Login1Test@7d70d1b1]" name="TakeSS" is-config="true" duration-ms="979" started-at="2022-03-25T00:30:26 IST" finished-at="2022-03-25T00:30:27 IST">
          <params>
            <param index="0">
              <value>
                <![CDATA[[TestResult name=TC104_invPWDCheck status=FAILURE method=Login1Test.TC104_invPWDCheck()[pri:0, instance:testClasses.Login1Test@7d70d1b1] output={null}]]]>
              </value>
            </param>
          </params>
          <exception class="java.io.FileNotFoundException">
            <message>
              <![CDATA[TC104_invPWDCheckC:\Automation\Screenshot\image.pngFri Mar 25 00_30_26 IST 2022.png (The filename, directory name, or volume label syntax is incorrect)]]>
            </message>
            <full-stacktrace>
              <![CDATA[java.io.FileNotFoundException: TC104_invPWDCheckC:\Automation\Screenshot\image.pngFri Mar 25 00_30_26 IST 2022.png (The filename, directory name, or volume label syntax is incorrect)
at java.io.FileOutputStream.open0(Native Method)
at java.io.FileOutputStream.open(Unknown Source)
at java.io.FileOutputStream.<init>(Unknown Source)
at java.io.FileOutputStream.<init>(Unknown Source)
at org.openqa.selenium.io.FileHandler.copyFile(FileHandler.java:136)
at org.openqa.selenium.io.FileHandler.copy(FileHandler.java:115)
at BaseClass.Utility.TakeSS(Utility.java:40)
at testClasses.Login1Test.TakeSS(Login1Test.java:86)
at sun.reflect.NativeMethodAccessorImpl.invoke0(Native Method)
at sun.reflect.NativeMethodAccessorImpl.invoke(Unknown Source)
at sun.reflect.DelegatingMethodAccessorImpl.invoke(Unknown Source)
at java.lang.reflect.Method.invoke(Unknown Source)
at org.testng.internal.MethodInvocationHelper.invokeMethod(MethodInvocationHelper.java:134)
at org.testng.internal.MethodInvocationHelper.invokeMethodConsideringTimeout(MethodInvocationHelper.java:63)
at org.testng.internal.ConfigInvoker.invokeConfigurationMethod(ConfigInvoker.java:348)
at org.testng.internal.ConfigInvoker.invokeConfigurations(ConfigInvoker.java:302)
at org.testng.internal.TestInvoker.runConfigMethods(TestInvoker.java:695)
at org.testng.internal.TestInvoker.runAfterGroupsConfigurations(TestInvoker.java:671)
at org.testng.internal.TestInvoker.invokeMethod(TestInvoker.java:655)
at org.testng.internal.TestInvoker.invokeTestMethod(TestInvoker.java:173)
at org.testng.internal.MethodRunner.runInSequence(MethodRunner.java:46)
at org.testng.internal.TestInvoker$MethodInvocationAgent.invoke(TestInvoker.java:816)
at org.testng.internal.TestInvoker.invokeTestMethods(TestInvoker.java:146)
at org.testng.internal.TestMethodWorker.invokeTestMethods(TestMethodWorker.java:146)
at org.testng.internal.TestMethodWorker.run(TestMethodWorker.java:128)
at java.util.ArrayList.forEach(Unknown Source)
at org.testng.TestRunner.privateRun(TestRunner.java:766)
at org.testng.TestRunner.run(TestRunner.java:587)
at org.testng.SuiteRunner.runTest(SuiteRunner.java:384)
at org.testng.SuiteRunner.runSequentially(SuiteRunner.java:378)
at org.testng.SuiteRunner.privateRun(SuiteRunner.java:337)
at org.testng.SuiteRunner.run(SuiteRunner.java:286)
at org.testng.SuiteRunnerWorker.runSuite(SuiteRunnerWorker.java:53)
at org.testng.SuiteRunnerWorker.run(SuiteRunnerWorker.java:96)
at org.testng.TestNG.runSuitesSequentially(TestNG.java:1187)
at org.testng.TestNG.runSuitesLocally(TestNG.java:1109)
at org.testng.TestNG.runSuites(TestNG.java:1039)
at org.testng.TestNG.run(TestNG.java:1007)
at org.testng.remote.AbstractRemoteTestNG.run(AbstractRemoteTestNG.java:115)
at org.testng.remote.RemoteTestNG.initAndRun(RemoteTestNG.java:251)
at org.testng.remote.RemoteTestNG.main(RemoteTestNG.java:77)
]]>
            </full-stacktrace>
          </exception> <!-- java.io.FileNotFoundException -->
          <reporter-output>
          </reporter-output>
        </test-method> <!-- TakeSS -->
        <test-method status="SKIP" signature="TC105_verifySucceslogin()[pri:0, instance:testClasses.Login1Test@7d70d1b1]" name="TC105_verifySucceslogin" duration-ms="0" started-at="2022-03-25T00:30:27 IST" finished-at="2022-03-25T00:30:27 IST">
          <exception class="java.io.FileNotFoundException">
            <message>
              <![CDATA[TC104_invPWDCheckC:\Automation\Screenshot\image.pngFri Mar 25 00_30_26 IST 2022.png (The filename, directory name, or volume label syntax is incorrect)]]>
            </message>
            <full-stacktrace>
              <![CDATA[java.io.FileNotFoundException: TC104_invPWDCheckC:\Automation\Screenshot\image.pngFri Mar 25 00_30_26 IST 2022.png (The filename, directory name, or volume label syntax is incorrect)
at java.io.FileOutputStream.open0(Native Method)
at java.io.FileOutputStream.open(Unknown Source)
at java.io.FileOutputStream.<init>(Unknown Source)
at java.io.FileOutputStream.<init>(Unknown Source)
at org.openqa.selenium.io.FileHandler.copyFile(FileHandler.java:136)
at org.openqa.selenium.io.FileHandler.copy(FileHandler.java:115)
at BaseClass.Utility.TakeSS(Utility.java:40)
at testClasses.Login1Test.TakeSS(Login1Test.java:86)
at sun.reflect.NativeMethodAccessorImpl.invoke0(Native Method)
at sun.reflect.NativeMethodAccessorImpl.invoke(Unknown Source)
at sun.reflect.DelegatingMethodAccessorImpl.invoke(Unknown Source)
at java.lang.reflect.Method.invoke(Unknown Source)
at org.testng.internal.MethodInvocationHelper.invokeMethod(MethodInvocationHelper.java:134)
at org.testng.internal.MethodInvocationHelper.invokeMethodConsideringTimeout(MethodInvocationHelper.java:63)
at org.testng.internal.ConfigInvoker.invokeConfigurationMethod(ConfigInvoker.java:348)
at org.testng.internal.ConfigInvoker.invokeConfigurations(ConfigInvoker.java:302)
at org.testng.internal.TestInvoker.runConfigMethods(TestInvoker.java:695)
at org.testng.internal.TestInvoker.runAfterGroupsConfigurations(TestInvoker.java:671)
at org.testng.internal.TestInvoker.invokeMethod(TestInvoker.java:655)
at org.testng.internal.TestInvoker.invokeTestMethod(TestInvoker.java:173)
at org.testng.internal.MethodRunner.runInSequence(MethodRunner.java:46)
at org.testng.internal.TestInvoker$MethodInvocationAgent.invoke(TestInvoker.java:816)
at org.testng.internal.TestInvoker.invokeTestMethods(TestInvoker.java:146)
at org.testng.internal.TestMethodWorker.invokeTestMethods(TestMethodWorker.java:146)
at org.testng.internal.TestMethodWorker.run(TestMethodWorker.java:128)
at java.util.ArrayList.forEach(Unknown Source)
at org.testng.TestRunner.privateRun(TestRunner.java:766)
at org.testng.TestRunner.run(TestRunner.java:587)
at org.testng.SuiteRunner.runTest(SuiteRunner.java:384)
at org.testng.SuiteRunner.runSequentially(SuiteRunner.java:378)
at org.testng.SuiteRunner.privateRun(SuiteRunner.java:337)
at org.testng.SuiteRunner.run(SuiteRunner.java:286)
at org.testng.SuiteRunnerWorker.runSuite(SuiteRunnerWorker.java:53)
at org.testng.SuiteRunnerWorker.run(SuiteRunnerWorker.java:96)
at org.testng.TestNG.runSuitesSequentially(TestNG.java:1187)
at org.testng.TestNG.runSuitesLocally(TestNG.java:1109)
at org.testng.TestNG.runSuites(TestNG.java:1039)
at org.testng.TestNG.run(TestNG.java:1007)
at org.testng.remote.AbstractRemoteTestNG.run(AbstractRemoteTestNG.java:115)
at org.testng.remote.RemoteTestNG.initAndRun(RemoteTestNG.java:251)
at org.testng.remote.RemoteTestNG.main(RemoteTestNG.java:77)
]]>
            </full-stacktrace>
          </exception> <!-- java.io.FileNotFoundException -->
          <reporter-output>
          </reporter-output>
        </test-method> <!-- TC105_verifySucceslogin -->
        <test-method status="SKIP" signature="closePage()[pri:0, instance:testClasses.Login1Test@7d70d1b1]" name="closePage" is-config="true" duration-ms="-1648148427503" started-at="2022-03-25T00:30:27 IST" finished-at="1970-01-01T05:30:00 IST">
          <reporter-output>
          </reporter-output>
        </test-method> <!-- closePage -->
        <test-method status="SKIP" signature="TakeSS(org.testng.ITestResult)[pri:0, instance:testClasses.Login1Test@7d70d1b1]" name="TakeSS" is-config="true" duration-ms="-1648148427503" started-at="2022-03-25T00:30:27 IST" finished-at="1970-01-01T05:30:00 IST">
          <reporter-output>
          </reporter-output>
        </test-method> <!-- TakeSS -->
      </class> <!-- testClasses.Login1Test -->
    </test> <!-- Default test -->
  </suite> <!-- Default suite -->
</testng-results>
